#
# There is insufficient memory for the Java Runtime Environment to continue.
# Native memory allocation (mmap) failed to map 134217728 bytes for Failed to commit area from 0x0000000081e00000 to 0x0000000089e00000 of length 134217728.
# Possible reasons:
#   The system is out of physical RAM or swap space
#   The process is running with CompressedOops enabled, and the Java Heap may be blocking the growth of the native heap
# Possible solutions:
#   Reduce memory load on the system
#   Increase physical memory or swap space
#   Check if swap backing store is full
#   Decrease Java heap size (-Xmx/-Xms)
#   Decrease number of Java threads
#   Decrease Java thread stack sizes (-Xss)
#   Set larger code cache with -XX:ReservedCodeCacheSize=
# This output file may be truncated or incomplete.
#
#  Out of Memory Error (./src/hotspot/os/windows/os_windows.cpp:3619), pid=12920, tid=9804
#
# JRE version:  (11.0.13) (build )
# Java VM: OpenJDK 64-Bit Server VM (11.0.13+0-b1751.21-8125866, mixed mode, sharing, tiered, compressed oops, g1 gc, windows-amd64)
# No core dump will be written. Minidumps are not enabled by default on client versions of Windows
#

---------------  S U M M A R Y ------------

Command Line: 

Host: Intel(R) Core(TM) i5-3230M CPU @ 2.60GHz, 4 cores, 7G,  Windows 10 , 64 bit Build 19041 (10.0.19041.1889)
Time: Sun Oct 30 17:14:11 2022 SE Asia Standard Time elapsed time: 0.021158 seconds (0d 0h 0m 0s)

---------------  T H R E A D  ---------------

Current thread (0x000001e90fc1a000):  JavaThread "Unknown thread" [_thread_in_vm, id=9804, stack(0x000000d865300000,0x000000d865400000)]

Stack: [0x000000d865300000,0x000000d865400000]
Native frames: (J=compiled Java code, j=interpreted, Vv=VM code, C=native code)
V  [jvm.dll+0x6100fa]
V  [jvm.dll+0x747090]
V  [jvm.dll+0x7486ad]
V  [jvm.dll+0x748d83]
V  [jvm.dll+0x24ab48]
V  [jvm.dll+0x60d164]
V  [jvm.dll+0x601e75]
V  [jvm.dll+0x308bdb]
V  [jvm.dll+0x308b4a]
V  [jvm.dll+0x308a22]
V  [jvm.dll+0x30d986]
V  [jvm.dll+0x357093]
V  [jvm.dll+0x357796]
V  [jvm.dll+0x357193]
V  [jvm.dll+0x2e3448]
V  [jvm.dll+0x2e45f7]
V  [jvm.dll+0x7242e7]
V  [jvm.dll+0x725adc]
V  [jvm.dll+0x364629]
V  [jvm.dll+0x707cee]
V  [jvm.dll+0x3d2633]
V  [jvm.dll+0x3d4a21]
C  [jli.dll+0x536b]
C  [ucrtbase.dll+0x21bb2]
C  [KERNEL32.DLL+0x17034]
C  [ntdll.dll+0x526a1]


---------------  P R O C E S S  ---------------

Threads class SMR info:
_java_thread_list=0x000001e90fac0480, length=0, elements={
}

Java Threads: ( => current thread )

Other Threads:
  0x000001e90fc32000 GCTaskThread "GC Thread#0" [stack: 0x000000d865400000,0x000000d865500000] [id=12668]
  0x000001e90fc62800 ConcurrentGCThread "G1 Main Marker" [stack: 0x000000d865500000,0x000000d865600000] [id=11124]
  0x000001e90fc63800 ConcurrentGCThread "G1 Conc#0" [stack: 0x000000d865600000,0x000000d865700000] [id=5368]

[error occurred during error reporting (printing all threads), id 0xc0000005, EXCEPTION_ACCESS_VIOLATION (0xc0000005) at pc=0x00007fffdfc83dd7]

VM state:not at safepoint (not fully initialized)

VM Mutex/Monitor currently owned by a thread:  ([mutex/lock_event])
[0x000001e90fc16490] Heap_lock - owner thread: 0x000001e90fc1a000

Heap address: 0x0000000081e00000, size: 2018 MB, Compressed Oops mode: Non-zero based: 0x0000000081e00000
Narrow klass base: 0x0000000000000000, Narrow klass shift: 0

GC Heap History (0 events):
No events

Deoptimization events (0 events):
No events

Classes redefined (0 events):
No events

Internal exceptions (0 events):
No events

Events (1 events):
Event: 0.012 Loaded shared library D:\Program files\jre\bin\zip.dll


Dynamic libraries:
0x00007ff641ab0000 - 0x00007ff641aba000 	D:\Program files\jre\bin\java.EXE
0x00007ff820c90000 - 0x00007ff820e88000 	C:\Windows\SYSTEM32\ntdll.dll
0x00007ff81fef0000 - 0x00007ff81ffad000 	C:\Windows\System32\KERNEL32.DLL
0x00007ff81e720000 - 0x00007ff81e9f2000 	C:\Windows\System32\KERNELBASE.dll
0x00007ff81e3a0000 - 0x00007ff81e4a0000 	C:\Windows\System32\ucrtbase.dll
0x00007ffffd500000 - 0x00007ffffd517000 	D:\Program files\jre\bin\VCRUNTIME140.dll
0x00007ff806550000 - 0x00007ff806569000 	D:\Program files\jre\bin\jli.dll
0x00007ff81f120000 - 0x00007ff81f2bd000 	C:\Windows\System32\USER32.dll
0x00007ff81e4a0000 - 0x00007ff81e4c2000 	C:\Windows\System32\win32u.dll
0x00007ff810a70000 - 0x00007ff810d0a000 	C:\Windows\WinSxS\amd64_microsoft.windows.common-controls_6595b64144ccf1df_6.0.19041.1110_none_60b5254171f9507e\COMCTL32.dll
0x00007ff820bb0000 - 0x00007ff820c4e000 	C:\Windows\System32\msvcrt.dll
0x00007ff8208f0000 - 0x00007ff82091b000 	C:\Windows\System32\GDI32.dll
0x00007ff81e580000 - 0x00007ff81e68f000 	C:\Windows\System32\gdi32full.dll
0x00007ff81ea00000 - 0x00007ff81ea9d000 	C:\Windows\System32\msvcp_win.dll
0x00007ff820700000 - 0x00007ff820730000 	C:\Windows\System32\IMM32.DLL
0x00007fffd7f70000 - 0x00007fffd800d000 	D:\Program files\jre\bin\msvcp140.dll
0x00007fffdf990000 - 0x00007fffe0492000 	D:\Program files\jre\bin\server\jvm.dll
0x00007ff8203f0000 - 0x00007ff82049e000 	C:\Windows\System32\ADVAPI32.dll
0x00007ff81eda0000 - 0x00007ff81ee3c000 	C:\Windows\System32\sechost.dll
0x00007ff81eff0000 - 0x00007ff81f115000 	C:\Windows\System32\RPCRT4.dll
0x00007ff820ba0000 - 0x00007ff820ba8000 	C:\Windows\System32\PSAPI.DLL
0x00007ff804cf0000 - 0x00007ff804cf9000 	C:\Windows\SYSTEM32\WSOCK32.dll
0x00007ff80e3b0000 - 0x00007ff80e3d7000 	C:\Windows\SYSTEM32\WINMM.dll
0x00007ff820920000 - 0x00007ff82098b000 	C:\Windows\System32\WS2_32.dll
0x00007ff80f6e0000 - 0x00007ff80f6ea000 	C:\Windows\SYSTEM32\VERSION.dll
0x00007ff81cc20000 - 0x00007ff81cc32000 	C:\Windows\SYSTEM32\kernel.appcore.dll
0x00007ff815120000 - 0x00007ff815131000 	D:\Program files\jre\bin\verify.dll
0x00007ff80e3e0000 - 0x00007ff80e5c4000 	C:\Windows\SYSTEM32\DBGHELP.DLL
0x00007ff80e0c0000 - 0x00007ff80e0ec000 	C:\Windows\SYSTEM32\dbgcore.DLL
0x00007ff81e690000 - 0x00007ff81e712000 	C:\Windows\System32\bcryptPrimitives.dll
0x00007ffffd7a0000 - 0x00007ffffd7c9000 	D:\Program files\jre\bin\java.dll
0x00007ff811dd0000 - 0x00007ff811ddb000 	D:\Program files\jre\bin\jimage.dll
0x00007ffffd4d0000 - 0x00007ffffd4e8000 	D:\Program files\jre\bin\zip.dll

dbghelp: loaded successfully - version: 4.0.5 - missing functions: none
symbol engine: initialized successfully - sym options: 0x614 - pdb path: .;D:\Program files\jre\bin;C:\Windows\SYSTEM32;C:\Windows\WinSxS\amd64_microsoft.windows.common-controls_6595b64144ccf1df_6.0.19041.1110_none_60b5254171f9507e;D:\Program files\jre\bin\server

VM Arguments:
java_command: <unknown>
java_class_path (initial): <not set>
Launcher Type: SUN_STANDARD

[Global flags]
     intx CICompilerCount                          = 3                                         {product} {ergonomic}
     uint ConcGCThreads                            = 1                                         {product} {ergonomic}
     uint G1ConcRefinementThreads                  = 4                                         {product} {ergonomic}
   size_t G1HeapRegionSize                         = 1048576                                   {product} {ergonomic}
    uintx GCDrainStackTargetSize                   = 64                                        {product} {ergonomic}
   size_t InitialHeapSize                          = 134217728                                 {product} {ergonomic}
   size_t MarkStackSize                            = 4194304                                   {product} {ergonomic}
   size_t MaxHeapSize                              = 2116026368                                {product} {ergonomic}
   size_t MinHeapDeltaBytes                        = 1048576                                   {product} {ergonomic}
    uintx NonNMethodCodeHeapSize                   = 5830732                                {pd product} {ergonomic}
    uintx NonProfiledCodeHeapSize                  = 122913754                              {pd product} {ergonomic}
    uintx ProfiledCodeHeapSize                     = 122913754                              {pd product} {ergonomic}
    uintx ReservedCodeCacheSize                    = 251658240                              {pd product} {ergonomic}
     bool SegmentedCodeCache                       = true                                      {product} {ergonomic}
     bool UseCompressedClassPointers               = true                                 {lp64_product} {ergonomic}
     bool UseCompressedOops                        = true                                 {lp64_product} {ergonomic}
     bool UseG1GC                                  = true                                      {product} {ergonomic}
     bool UseLargePagesIndividualAllocation        = false                                  {pd product} {ergonomic}

Logging:
Log output configuration:
 #0: stdout all=warning uptime,level,tags
 #1: stderr all=off uptime,level,tags

Environment Variables:
PATH=C:\Program Files (x86)\Common Files\Oracle\Java\javapath;C:\Windows\system32;C:\Windows;C:\Windows\System32\Wbem;C:\Windows\System32\WindowsPowerShell\v1.0\;C:\Windows\System32\OpenSSH\;C:\Program Files (x86)\QuickTime\QTSystem\;D:\Program files\Git\cmd;D:\Program files\;C:\Users\Administrator\AppData\Local\Microsoft\WindowsApps;C:\Users\Administrator\AppData\Local\Programs\Microsoft VS Code\bin;D:\src\flutter\bin;D:\Program files\Git;C:\Users\Administrator\AppData\Roaming\npm;D:\src\flutter\bin\mingit\cmd
USERNAME=Nanne
OS=Windows_NT
PROCESSOR_IDENTIFIER=Intel64 Family 6 Model 58 Stepping 9, GenuineIntel



---------------  S Y S T E M  ---------------

OS: Windows 10 , 64 bit Build 19041 (10.0.19041.1889)
OS uptime: 13 days 7:52 hours

CPU:total 4 (initial active 4) (2 cores per cpu, 2 threads per core) family 6 model 58 stepping 9 microcode 0x21, cmov, cx8, fxsr, mmx, sse, sse2, sse3, ssse3, sse4.1, sse4.2, popcnt, avx, aes, clmul, erms, ht, tsc, tscinvbit, tscinv

Memory: 4k page, system-wide physical 8071M (383M free)
TotalPageFile size 14968M (AvailPageFile size 95M)
current process WorkingSet (physical memory assigned to process): 10M, peak: 10M
current process commit charge ("private bytes"): 51M, peak: 179M

vm_info: OpenJDK 64-Bit Server VM (11.0.13+0-b1751.21-8125866) for windows-amd64 JRE (11.0.13+0-b1751.21-8125866), built on Feb  2 2022 03:00:22 by "builder" with MS VC++ 14.0 (VS2015)

END.
